2022-01-23 19:23:33,588 [DEBUG] {'gamepad_direct': [0.0, 0.0, 0.0, 0.0, 0.0, 0.0]}
2022-01-23 19:23:33,598 [DEBUG] {'gamepad_direct': [0.0, 0.0, 0.0, 0.0, 0.0, 0.0]}
2022-01-23 19:23:33,608 [DEBUG] {'gamepad_direct': [0.0, 0.0, 0.0, 0.0, 0.0, 0.0]}
2022-01-23 19:23:33,618 [DEBUG] {'gamepad_direct': [0.0, 0.0, 0.0, 0.0, 0.0, 0.0]}
2022-01-23 19:23:33,628 [DEBUG] {'gamepad_direct': [0.0, 0.0, 0.0, 0.0, 0.0, 0.0]}
2022-01-23 19:23:33,638 [DEBUG] {'gamepad_direct': [0.0, 0.0, 0.0, 0.0, 0.0, 0.0]}
2022-01-23 19:23:33,647 [DEBUG] {'gamepad_direct': [0.0, 0.0, 0.0, 0.0, 0.0, 0.0]}
2022-01-23 19:23:33,657 [DEBUG] {'gamepad_direct': [0.0, 0.0, 0.0, 0.0, 0.0, 0.0]}
2022-01-23 19:23:33,667 [DEBUG] {'gamepad_direct': [0.0, 0.0, 0.0, 0.0, 0.0, 0.0]}
2022-01-23 19:23:33,678 [DEBUG] {'gamepad_direct': [0.0, 0.0, 0.0, 0.0, 0.0, 0.0]}
2022-01-23 19:23:33,687 [DEBUG] {'gamepad_direct': [0.0, 0.0, 0.0, 0.0, 0.0, 0.0]}
2022-01-23 19:23:33,698 [DEBUG] {'gamepad_direct': [0.0, 0.0, 0.0, 0.0, 0.0, 0.0]}
2022-01-23 19:23:33,709 [DEBUG] {'gamepad_direct': [0.0, 0.0, 0.0, 0.0, 0.0, 0.0]}
2022-01-23 19:23:33,719 [DEBUG] {'gamepad_direct': [0.0, 0.0, 0.0, 0.0, 0.0, 0.0]}
2022-01-23 19:23:33,729 [DEBUG] {'gamepad_direct': [0.0, 0.0, 0.0, 0.0, 0.0, 0.0]}
2022-01-23 19:23:33,739 [DEBUG] {'gamepad_direct': [0.0, 0.0, 0.0, 0.0, 0.0, 0.0]}
2022-01-23 19:23:33,748 [DEBUG] {'gamepad_direct': [0.0, 0.0, 0.0, 0.0, 0.0, 0.0]}
2022-01-23 19:23:33,758 [DEBUG] {'gamepad_direct': [0.0, 0.0, 0.0, 0.0, 0.0, 0.0]}
2022-01-23 19:23:33,768 [DEBUG] {'gamepad_direct': [0.0, 0.0, 0.0, 0.0, 0.0, 0.0]}
2022-01-23 19:23:33,778 [DEBUG] {'gamepad_direct': [0.0, 0.0, 0.0, 0.0, 0.0, 0.0]}
2022-01-23 19:23:33,789 [DEBUG] {'gamepad_direct': [0.0, 0.0, 0.0, 0.0, 0.0, 0.0]}
2022-01-23 19:23:33,799 [DEBUG] {'gamepad_direct': [0.0, 0.0, 0.0, 0.0, 0.0, 0.0]}
2022-01-23 19:23:33,809 [DEBUG] {'gamepad_direct': [0.0, 0.0, 0.0, 0.0, 0.0, 0.0]}
2022-01-23 19:23:33,818 [DEBUG] {'gamepad_direct': [0.0, 0.0, 0.0, 0.0, 0.0, 0.0]}
2022-01-23 19:23:33,829 [DEBUG] {'gamepad_direct': [0.0, 0.0, 0.0, 0.0, 0.0, 0.0]}
2022-01-23 19:23:33,839 [DEBUG] {'gamepad_direct': [0.0, 0.0, 0.0, 0.0, 0.0, 0.0]}
2022-01-23 19:23:33,849 [DEBUG] {'gamepad_direct': [0.0, 0.0, 0.0, 0.0, 0.0, 0.0]}
2022-01-23 19:23:33,858 [DEBUG] {'gamepad_direct': [0.0, 0.0, 0.0, 0.0, 0.0, 0.0]}
2022-01-23 19:23:33,868 [DEBUG] {'gamepad_direct': [0.0, 0.0, 0.0, 0.0, 0.0, 0.0]}
2022-01-23 19:23:33,878 [DEBUG] {'gamepad_direct': [0.0, 0.0, 0.0, 0.0, 0.0, 0.0]}
2022-01-23 19:23:33,887 [DEBUG] {'gamepad_direct': [0.0, 0.0, 0.0, 0.0, 0.0, 0.0]}
2022-01-23 19:23:33,897 [DEBUG] {'gamepad_direct': [0.0, 0.0, 0.0, 0.0, 0.0, 0.0]}
2022-01-23 19:23:33,907 [DEBUG] {'gamepad_direct': [0.0, 0.0, 0.0, 0.0, 0.0, 0.0]}
2022-01-23 19:23:33,918 [DEBUG] {'gamepad_direct': [0.0, 0.0, 0.0, 0.0, 0.0, 0.0]}
2022-01-23 19:23:33,928 [DEBUG] {'gamepad_direct': [0.0, 0.0, 0.0, 0.0, 0.0, 0.0]}
2022-01-23 19:23:33,937 [DEBUG] {'gamepad_direct': [0.0, 0.0, 0.0, 0.0, 0.0, 0.0]}
2022-01-23 19:23:33,947 [DEBUG] {'gamepad_direct': [0.0, 0.0, 0.0, 0.0, 0.0, 0.0]}
2022-01-23 19:23:33,957 [DEBUG] {'gamepad_direct': [0.0, 0.0, 0.0, 0.0, 0.0, 0.0]}
2022-01-23 19:23:33,967 [DEBUG] {'gamepad_direct': [0.0, 0.0, 0.0, 0.0, 0.0, 0.0]}
2022-01-23 19:23:33,977 [DEBUG] {'gamepad_direct': [0.0, 0.0, 0.0, 0.0, 0.0, 0.0]}
2022-01-23 19:23:33,987 [DEBUG] {'gamepad_direct': [0.0, 0.0, 0.0, 0.0, 0.0, 0.0]}
2022-01-23 19:23:33,996 [DEBUG] {'gamepad_direct': [0.0, 0.0, 0.0, 0.0, 0.0, 0.0]}
2022-01-23 19:23:34,007 [DEBUG] {'gamepad_direct': [0.0, 0.0, 0.0, 0.0, 0.0, 0.0]}
2022-01-23 19:23:34,016 [DEBUG] {'gamepad_direct': [0.0, 0.0, 0.0, 0.0, 0.0, 0.0]}
2022-01-23 19:23:34,026 [DEBUG] {'gamepad_direct': [0.0, 0.0, 0.0, 0.0, 0.0, 0.0]}
2022-01-23 19:23:34,037 [DEBUG] {'gamepad_direct': [0.0, 0.0, 0.0, 0.0, 0.0, 0.0]}
2022-01-23 19:23:34,047 [DEBUG] {'gamepad_direct': [0.0, 0.0, 0.0, 0.0, 0.0, 0.0]}
2022-01-23 19:23:34,057 [DEBUG] {'gamepad_direct': [0.0, 0.0, 0.0, 0.0, 0.0, 0.0]}
2022-01-23 19:23:34,066 [DEBUG] {'gamepad_direct': [0.0, 0.0, 0.0, 0.0, 0.0, 0.0]}
2022-01-23 19:23:34,076 [DEBUG] {'gamepad_direct': [0.0, 0.0, 0.0, 0.0, 0.0, 0.0]}
2022-01-23 19:23:34,085 [DEBUG] {'gamepad_direct': [0.0, 0.0, 0.0, 0.0, 0.0, 0.0]}
2022-01-23 19:23:34,095 [DEBUG] {'gamepad_direct': [0.0, 0.0, 0.0, 0.0, 0.0, 0.0]}
2022-01-23 19:23:34,105 [DEBUG] {'gamepad_direct': [0.0, 0.0, 0.0, 0.0, 0.0, 0.0]}
2022-01-23 19:23:34,114 [DEBUG] {'gamepad_direct': [0.0, 0.0, 0.0, 0.0, 0.0, 0.0]}
2022-01-23 19:23:34,124 [DEBUG] {'gamepad_direct': [0.0, 0.0, 0.0, 0.0, 0.0, 0.0]}
2022-01-23 19:23:34,134 [DEBUG] {'gamepad_direct': [0.0, 0.0, 0.0, 0.0, 0.0, 0.0]}
2022-01-23 19:23:34,144 [DEBUG] {'gamepad_direct': [0.0, 0.0, 0.0, 0.0, 0.0, 0.0]}
2022-01-23 19:23:34,153 [DEBUG] {'gamepad_direct': [0.0, 0.0, 0.0, 0.0, 0.0, 0.0]}
2022-01-23 19:23:34,163 [DEBUG] {'gamepad_direct': [0.0, 0.0, 0.0, 0.0, 0.0, 0.0]}
2022-01-23 19:23:34,172 [DEBUG] {'gamepad_direct': [0.0, 0.0, 0.0, 0.0, 0.0, 0.0]}
2022-01-23 19:23:34,182 [DEBUG] {'gamepad_direct': [0.0, 0.0, 0.0, 0.0, 0.0, 0.0]}
2022-01-23 19:23:34,193 [DEBUG] {'gamepad_direct': [0.0, 0.0, 0.0, 0.0, 0.0, 0.0]}
2022-01-23 19:23:34,203 [DEBUG] {'gamepad_direct': [0.0, 0.0, 0.0, 0.0, 0.0, 0.0]}
2022-01-23 19:23:34,213 [DEBUG] {'gamepad_direct': [0.0, 0.0, 0.0, 0.0, 0.0, 0.0]}
2022-01-23 19:23:34,223 [DEBUG] {'gamepad_direct': [0.0, 0.0, 0.0, 0.0, 0.0, 0.0]}
2022-01-23 19:23:34,233 [DEBUG] {'gamepad_direct': [0.0, 0.0, 0.0, 0.0, 0.0, 0.0]}
2022-01-23 19:23:34,244 [DEBUG] {'gamepad_direct': [0.0, 0.0, 0.0, 0.0, 0.0, 0.0]}
2022-01-23 19:23:34,253 [DEBUG] {'gamepad_direct': [0.0, 0.0, 0.0, 0.0, 0.0, 0.0]}
2022-01-23 19:23:34,263 [DEBUG] {'gamepad_direct': [0.0, 0.0, 0.0, 0.0, 0.0, 0.0]}
2022-01-23 19:23:34,273 [DEBUG] {'gamepad_direct': [0.0, 0.0, 0.0, 0.0, 0.0, 0.0]}
2022-01-23 19:23:34,283 [DEBUG] {'gamepad_direct': [0.0, 0.0, 0.0, 0.0, 0.0, 0.0]}
2022-01-23 19:23:34,293 [DEBUG] {'gamepad_direct': [0.0, 0.0, 0.0, 0.0, 0.0, 0.0]}
2022-01-23 19:23:34,302 [DEBUG] {'gamepad_direct': [0.0, 0.0, 0.0, 0.0, 0.0, 0.0]}
2022-01-23 19:23:34,312 [DEBUG] {'gamepad_direct': [0.0, 0.0, 0.0, 0.0, 0.0, 0.0]}
2022-01-23 19:23:34,321 [DEBUG] {'gamepad_direct': [0.0, 0.0, 0.0, 0.0, -1.0, -1.0]}
2022-01-23 19:23:34,331 [DEBUG] {'gamepad_direct': [0.0, 0.0, 0.0, 0.0, -1.0, -1.0]}
2022-01-23 19:23:34,341 [DEBUG] {'gamepad_direct': [0.0, 0.0, 0.0, 0.0, -1.0, -1.0]}
2022-01-23 19:23:34,351 [DEBUG] {'gamepad_direct': [0.0, 0.0, 0.0, 0.0, -1.0, -1.0]}
2022-01-23 19:23:34,361 [DEBUG] {'gamepad_direct': [0.0, 0.0, 0.0, 0.0, -1.0, -1.0]}
2022-01-23 19:23:34,370 [DEBUG] {'gamepad_direct': [0.0, 0.0, 0.0, 0.0, -1.0, -1.0]}
2022-01-23 19:23:34,380 [DEBUG] {'gamepad_direct': [0.0, 0.0, 0.0, 0.0, -1.0, -1.0]}
2022-01-23 19:23:34,391 [DEBUG] {'gamepad_direct': [0.0, 0.0, 0.0, 0.0, -1.0, -1.0]}
2022-01-23 19:23:34,400 [DEBUG] {'gamepad_direct': [0.0, 0.0, 0.0, 0.0, -1.0, -1.0]}
2022-01-23 19:23:34,410 [DEBUG] {'gamepad_direct': [0.0, 0.0, 0.0, 0.0, -1.0, -1.0]}
2022-01-23 19:23:34,420 [DEBUG] {'gamepad_direct': [0.0, 0.0, 0.0, 0.0, -1.0, -1.0]}
2022-01-23 19:23:34,429 [DEBUG] {'gamepad_direct': [0.0, 0.0, 0.0, 0.0, -1.0, -1.0]}
2022-01-23 19:23:34,439 [DEBUG] {'gamepad_direct': [0.0, 0.0, 0.0, 0.0, -1.0, -1.0]}
2022-01-23 19:23:34,448 [DEBUG] {'gamepad_direct': [0.0, 0.0, 0.0, 0.0, -1.0, -1.0]}
2022-01-23 19:23:34,457 [DEBUG] {'gamepad_direct': [0.0, 0.0, 0.0, 0.0, -1.0, -1.0]}
2022-01-23 19:23:34,467 [DEBUG] {'gamepad_direct': [0.0, 0.0, 0.0, 0.0, -1.0, -1.0]}
2022-01-23 19:23:34,477 [DEBUG] {'gamepad_direct': [0.0, 0.0, 0.0, 0.0, -1.0, -1.0]}
2022-01-23 19:23:34,486 [DEBUG] {'gamepad_direct': [0.0, 0.0, 0.0, 0.0, -1.0, -1.0]}
2022-01-23 19:23:34,496 [DEBUG] {'gamepad_direct': [0.0, 0.0, 0.0, 0.0, -1.0, -1.0]}
2022-01-23 19:23:34,506 [DEBUG] {'gamepad_direct': [0.0, 0.0, 0.0, 0.0, -1.0, -1.0]}
2022-01-23 19:23:34,516 [DEBUG] {'gamepad_direct': [0.0, 0.0, 0.0, 0.0, -1.0, -1.0]}
2022-01-23 19:23:34,525 [DEBUG] {'gamepad_direct': [0.0, 0.0, 0.0, 0.0, -1.0, -1.0]}
2022-01-23 19:23:34,535 [DEBUG] {'gamepad_direct': [0.0, 0.0, 0.0, 0.0, -1.0, -1.0]}
2022-01-23 19:23:34,545 [DEBUG] {'gamepad_direct': [0.0, 0.0, 0.0, 0.0, -1.0, -1.0]}
2022-01-23 19:23:34,554 [DEBUG] {'gamepad_direct': [0.0, 0.0, 0.0, 0.0, -1.0, -1.0]}
2022-01-23 19:23:34,564 [DEBUG] {'gamepad_direct': [0.0, 0.0, 0.0, 0.0, -1.0, -1.0]}
2022-01-23 19:23:34,573 [DEBUG] {'gamepad_direct': [0.0, 0.0, 0.0, 0.0, -1.0, -1.0]}
2022-01-23 19:23:34,583 [DEBUG] {'gamepad_direct': [0.0, 0.0, 0.0, 0.0, -1.0, -1.0]}
2022-01-23 19:23:34,593 [DEBUG] {'gamepad_direct': [0.0, 0.0, 0.0, 0.0, -1.0, -1.0]}
2022-01-23 19:23:34,603 [DEBUG] {'gamepad_direct': [0.0, 0.0, 0.0, 0.0, -1.0, -1.0]}
2022-01-23 19:23:34,613 [DEBUG] {'gamepad_direct': [0.0, 0.0, 0.0, 0.0, -1.0, -1.0]}
2022-01-23 19:23:34,623 [DEBUG] {'gamepad_direct': [0.0, 0.0, 0.0, 0.0, -1.0, -1.0]}
2022-01-23 19:23:34,632 [DEBUG] {'gamepad_direct': [0.0, 0.0, 0.0, 0.0, -1.0, -1.0]}
2022-01-23 19:23:34,642 [DEBUG] {'gamepad_direct': [0.0, 0.0, 0.0, 0.0, -1.0, -1.0]}
2022-01-23 19:23:34,651 [DEBUG] {'gamepad_direct': [0.0, 0.0, 0.0, 0.0, -1.0, -1.0]}
2022-01-23 19:23:34,661 [DEBUG] {'gamepad_direct': [0.0, 0.0, 0.0, 0.0, -1.0, -1.0]}
2022-01-23 19:23:34,670 [DEBUG] {'gamepad_direct': [0.0, 0.0, 0.0, 0.0, -1.0, -1.0]}
2022-01-23 19:23:34,681 [DEBUG] {'gamepad_direct': [0.0, 0.0, 0.0, 0.0, -1.0, -1.0]}
2022-01-23 19:23:34,690 [DEBUG] {'gamepad_direct': [0.0, 0.0, 0.0, 0.0, -1.0, -1.0]}
2022-01-23 19:23:34,701 [DEBUG] {'gamepad_direct': [0.0, 0.0, 0.0, 0.0, -1.0, -1.0]}
2022-01-23 19:23:34,711 [DEBUG] {'gamepad_direct': [0.0, 0.0, 0.0, 0.0, -1.0, -1.0]}
2022-01-23 19:23:34,721 [DEBUG] {'gamepad_direct': [0.0, 0.0, 0.0, 0.0, -1.0, -1.0]}
2022-01-23 19:23:34,731 [DEBUG] {'gamepad_direct': [0.0, 0.0, 0.0, 0.0, -1.0, -1.0]}
2022-01-23 19:23:34,741 [DEBUG] {'gamepad_direct': [0.0, 0.0, 0.0, 0.0, -1.0, -1.0]}
2022-01-23 19:23:34,751 [DEBUG] {'gamepad_direct': [0.0, 0.0, 0.0, 0.0, -1.0, -1.0]}
2022-01-23 19:23:34,761 [DEBUG] {'gamepad_direct': [0.0, 0.0, 0.0, 0.0, -1.0, -1.0]}
2022-01-23 19:23:34,770 [DEBUG] {'gamepad_direct': [0.0, 0.0, 0.0, 0.0, -1.0, -1.0]}
2022-01-23 19:23:34,780 [DEBUG] {'gamepad_direct': [0.0, 0.0, 0.0, 0.0, -1.0, -1.0]}
2022-01-23 19:23:34,789 [DEBUG] {'gamepad_direct': [0.0, 0.0, 0.0, 0.0, -1.0, -1.0]}
2022-01-23 19:23:34,799 [DEBUG] {'gamepad_direct': [0.0, 0.0, 0.0, 0.0, -1.0, -1.0]}
2022-01-23 19:23:34,809 [DEBUG] {'gamepad_direct': [0.0, 0.0, 0.0, 0.0, -1.0, -1.0]}
2022-01-23 19:23:34,818 [DEBUG] {'gamepad_direct': [0.0, 0.0, 0.0, 0.0, -1.0, -1.0]}
2022-01-23 19:23:34,828 [DEBUG] {'gamepad_direct': [0.0, 0.0, 0.0, 0.0, -1.0, -1.0]}
2022-01-23 19:23:34,837 [DEBUG] {'gamepad_direct': [0.0, 0.0, 0.0, 0.0, -1.0, -1.0]}
2022-01-23 19:23:34,848 [DEBUG] {'gamepad_direct': [0.0, 0.0, 0.0, 0.0, -1.0, -1.0]}
2022-01-23 19:23:34,857 [DEBUG] {'gamepad_direct': [0.0, 0.0, 0.0, 0.0, -1.0, -1.0]}
2022-01-23 19:23:34,868 [DEBUG] {'gamepad_direct': [0.0, 0.0, 0.0, 0.0, -1.0, -1.0]}
2022-01-23 19:23:34,877 [DEBUG] {'gamepad_direct': [0.0, 0.0, 0.0, 0.0, -1.0, -1.0]}
2022-01-23 19:23:34,887 [DEBUG] {'gamepad_direct': [0.0, 0.0, 0.0, 0.0, -1.0, -1.0]}
2022-01-23 19:23:34,897 [DEBUG] {'gamepad_direct': [0.0, 0.0, 0.0, 0.0, -1.0, -1.0]}
2022-01-23 19:23:34,907 [DEBUG] {'gamepad_direct': [0.0, 0.0, 0.0, 0.0, -1.0, -1.0]}
2022-01-23 19:23:34,916 [DEBUG] {'gamepad_direct': [0.0, 0.0, 0.0, 0.0, -1.0, -1.0]}
2022-01-23 19:23:45,965 [DEBUG] {'gamepad_direct': [0.021453857421875, -0.02392578125, -0.03680419921875, -0.029022216796875, -1.0, -1.0]}
2022-01-23 19:23:46,081 [DEBUG] {'gamepad_direct': [0.021453857421875, -0.02392578125, -0.03680419921875, -0.029022216796875, -1.0, -1.0]}
2022-01-23 19:23:46,188 [DEBUG] {'gamepad_direct': [0.021453857421875, -0.02392578125, -0.03680419921875, -0.024658203125, -1.0, -1.0]}
2022-01-23 19:23:46,197 [DEBUG] {'gamepad_direct': [0.021453857421875, -0.02392578125, -0.03680419921875, -0.02838134765625, -1.0, -1.0]}
2022-01-23 19:23:46,207 [DEBUG] {'gamepad_direct': [0.021453857421875, -0.02392578125, -0.03680419921875, -0.02838134765625, -1.0, -1.0]}
2022-01-23 19:23:46,217 [DEBUG] {'gamepad_direct': [0.021453857421875, -0.02392578125, -0.03680419921875, -0.033660888671875, -1.0, -1.0]}
2022-01-23 19:23:46,226 [DEBUG] {'gamepad_direct': [0.021453857421875, -0.02392578125, -0.03680419921875, -0.038482666015625, -1.0, -1.0]}
2022-01-23 19:23:46,237 [DEBUG] {'gamepad_direct': [0.021453857421875, -0.02392578125, -0.03680419921875, -0.038482666015625, -1.0, -1.0]}
2022-01-23 19:23:46,247 [DEBUG] {'gamepad_direct': [0.021453857421875, -0.02392578125, -0.03680419921875, -0.04608154296875, -1.0, -1.0]}
2022-01-23 19:23:46,257 [DEBUG] {'gamepad_direct': [0.021453857421875, -0.02392578125, -0.03680419921875, -0.04608154296875, -1.0, -1.0]}
2022-01-23 19:23:46,266 [DEBUG] {'gamepad_direct': [0.021453857421875, -0.02392578125, -0.03143310546875, -0.0579833984375, -1.0, -1.0]}
2022-01-23 19:23:46,275 [DEBUG] {'gamepad_direct': [0.021453857421875, -0.02392578125, -0.03143310546875, -0.0579833984375, -1.0, -1.0]}
2022-01-23 19:23:46,285 [DEBUG] {'gamepad_direct': [0.021453857421875, -0.02392578125, -0.0250244140625, -0.078460693359375, -1.0, -1.0]}
2022-01-23 19:23:46,295 [DEBUG] {'gamepad_direct': [0.021453857421875, -0.02392578125, -0.0250244140625, -0.078460693359375, -1.0, -1.0]}
2022-01-23 19:23:46,304 [DEBUG] {'gamepad_direct': [0.021453857421875, -0.02392578125, -0.005615234375, -0.106231689453125, -1.0, -1.0]}
2022-01-23 19:23:46,314 [DEBUG] {'gamepad_direct': [0.021453857421875, -0.02392578125, 0.0263671875, -0.152374267578125, -1.0, -1.0]}
2022-01-23 19:23:46,324 [DEBUG] {'gamepad_direct': [0.021453857421875, -0.02392578125, 0.0263671875, -0.152374267578125, -1.0, -1.0]}
2022-01-23 19:23:46,333 [DEBUG] {'gamepad_direct': [0.021453857421875, -0.02392578125, 0.0589599609375, -0.22064208984375, -1.0, -1.0]}
2022-01-23 19:23:46,343 [DEBUG] {'gamepad_direct': [0.021453857421875, -0.02392578125, 0.0589599609375, -0.22064208984375, -1.0, -1.0]}
2022-01-23 19:23:46,352 [DEBUG] {'gamepad_direct': [0.021453857421875, -0.02392578125, 0.12274169921875, -0.4869384765625, -1.0, -1.0]}
2022-01-23 19:23:46,362 [DEBUG] {'gamepad_direct': [0.021453857421875, -0.02392578125, 0.12274169921875, -0.4869384765625, -1.0, -1.0]}
2022-01-23 19:23:46,372 [DEBUG] {'gamepad_direct': [0.021453857421875, -0.02392578125, 0.162811279296875, -0.743011474609375, -1.0, -1.0]}
2022-01-23 19:23:46,383 [DEBUG] {'gamepad_direct': [0.021453857421875, -0.02392578125, 0.162811279296875, -0.743011474609375, -1.0, -1.0]}
2022-01-23 19:23:46,392 [DEBUG] {'gamepad_direct': [0.021453857421875, -0.02392578125, 0.19219970703125, -0.77716064453125, -1.0, -1.0]}
2022-01-23 19:23:46,402 [DEBUG] {'gamepad_direct': [0.021453857421875, -0.030609130859375, 0.212646484375, -0.84075927734375, -1.0, -1.0]}
2022-01-23 19:23:46,413 [DEBUG] {'gamepad_direct': [0.021453857421875, -0.030609130859375, 0.212646484375, -0.84075927734375, -1.0, -1.0]}
2022-01-23 19:23:46,423 [DEBUG] {'gamepad_direct': [0.021453857421875, -0.038299560546875, 0.22283935546875, -0.898406982421875, -1.0, -1.0]}
2022-01-23 19:23:46,432 [DEBUG] {'gamepad_direct': [0.021453857421875, -0.038299560546875, 0.22283935546875, -0.898406982421875, -1.0, -1.0]}
2022-01-23 19:23:46,442 [DEBUG] {'gamepad_direct': [0.021453857421875, -0.041351318359375, 0.20709228515625, -0.90460205078125, -1.0, -1.0]}
2022-01-23 19:23:46,452 [DEBUG] {'gamepad_direct': [0.021453857421875, -0.041351318359375, 0.20709228515625, -0.90460205078125, -1.0, -1.0]}
2022-01-23 19:23:46,461 [DEBUG] {'gamepad_direct': [0.021453857421875, -0.0430908203125, 0.18096923828125, -0.8475341796875, -1.0, -1.0]}
2022-01-23 19:23:46,471 [DEBUG] {'gamepad_direct': [0.021453857421875, -0.0430908203125, 0.18096923828125, -0.8475341796875, -1.0, -1.0]}
2022-01-23 19:23:46,481 [DEBUG] {'gamepad_direct': [0.02264404296875, -0.0430908203125, 0.157257080078125, -0.57342529296875, -1.0, -1.0]}
2022-01-23 19:23:46,491 [DEBUG] {'gamepad_direct': [0.028656005859375, -0.019012451171875, 0.1336669921875, -0.347686767578125, -1.0, -1.0]}
2022-01-23 19:23:46,501 [DEBUG] {'gamepad_direct': [0.028656005859375, -0.019012451171875, 0.1336669921875, -0.347686767578125, -1.0, -1.0]}
2022-01-23 19:23:46,511 [DEBUG] {'gamepad_direct': [0.03497314453125, 0.039154052734375, 0.095611572265625, -0.0836181640625, -1.0, -1.0]}
2022-01-23 19:23:46,520 [DEBUG] {'gamepad_direct': [0.03497314453125, 0.039154052734375, 0.095611572265625, -0.0836181640625, -1.0, -1.0]}
2022-01-23 19:23:46,530 [DEBUG] {'gamepad_direct': [0.038177490234375, 0.089813232421875, 0.073272705078125, -0.068359375, -1.0, -1.0]}
2022-01-23 19:23:46,540 [DEBUG] {'gamepad_direct': [0.038177490234375, 0.089813232421875, 0.073272705078125, -0.068359375, -1.0, -1.0]}
2022-01-23 19:23:46,549 [DEBUG] {'gamepad_direct': [0.04058837890625, 0.152191162109375, 0.057037353515625, -0.0489501953125, -1.0, -1.0]}
2022-01-23 19:23:46,559 [DEBUG] {'gamepad_direct': [0.04058837890625, 0.152191162109375, 0.057037353515625, -0.0489501953125, -1.0, -1.0]}
2022-01-23 19:23:46,569 [DEBUG] {'gamepad_direct': [0.0418701171875, 0.3973388671875, 0.04638671875, -0.023895263671875, -1.0, -1.0]}
2022-01-23 19:23:46,579 [DEBUG] {'gamepad_direct': [0.052764892578125, 0.42669677734375, 0.042572021484375, -0.006561279296875, -1.0, -1.0]}
2022-01-23 19:23:46,588 [DEBUG] {'gamepad_direct': [0.052764892578125, 0.42669677734375, 0.042572021484375, -0.006561279296875, -1.0, -1.0]}
2022-01-23 19:23:46,598 [DEBUG] {'gamepad_direct': [0.06976318359375, 0.466796875, 0.054443359375, 0.00408935546875, -1.0, -1.0]}
2022-01-23 19:23:46,608 [DEBUG] {'gamepad_direct': [0.06976318359375, 0.466796875, 0.054443359375, 0.00408935546875, -1.0, -1.0]}
2022-01-23 19:23:46,617 [DEBUG] {'gamepad_direct': [0.080413818359375, 0.482757568359375, 0.071990966796875, -0.000335693359375, -1.0, -1.0]}
2022-01-23 19:23:46,627 [DEBUG] {'gamepad_direct': [0.080413818359375, 0.482757568359375, 0.071990966796875, -0.000335693359375, -1.0, -1.0]}
2022-01-23 19:23:46,637 [DEBUG] {'gamepad_direct': [0.08880615234375, 0.49298095703125, 0.122894287109375, -0.01861572265625, -1.0, -1.0]}
2022-01-23 19:23:46,647 [DEBUG] {'gamepad_direct': [0.08880615234375, 0.49298095703125, 0.122894287109375, -0.01861572265625, -1.0, -1.0]}
2022-01-23 19:23:46,656 [DEBUG] {'gamepad_direct': [0.103424072265625, 0.499420166015625, 0.349945068359375, -0.0587158203125, -1.0, -1.0]}
2022-01-23 19:23:46,666 [DEBUG] {'gamepad_direct': [0.103424072265625, 0.499420166015625, 0.349945068359375, -0.0587158203125, -1.0, -1.0]}
2022-01-23 19:23:46,676 [DEBUG] {'gamepad_direct': [0.171783447265625, 0.49273681640625, 0.604705810546875, -0.1551513671875, -1.0, -1.0]}
2022-01-23 19:23:46,687 [DEBUG] {'gamepad_direct': [0.2420654296875, 0.445526123046875, 0.8602294921875, -0.425506591796875, -1.0, -1.0]}
2022-01-23 19:23:46,697 [DEBUG] {'gamepad_direct': [0.2420654296875, 0.445526123046875, 0.8602294921875, -0.425506591796875, -1.0, -1.0]}
2022-01-23 19:23:46,707 [DEBUG] {'gamepad_direct': [0.315673828125, 0.187713623046875, 0.88726806640625, -0.444488525390625, -1.0, -1.0]}
2022-01-23 19:23:46,716 [DEBUG] {'gamepad_direct': [0.315673828125, 0.187713623046875, 0.88726806640625, -0.444488525390625, -1.0, -1.0]}
2022-01-23 19:23:46,727 [DEBUG] {'gamepad_direct': [0.383575439453125, 0.152191162109375, 0.904998779296875, -0.459808349609375, -1.0, -1.0]}
2022-01-23 19:23:46,737 [DEBUG] {'gamepad_direct': [0.428619384765625, 0.085906982421875, 0.915313720703125, -0.482574462890625, -1.0, -1.0]}
2022-01-23 19:23:46,747 [DEBUG] {'gamepad_direct': [0.428619384765625, 0.085906982421875, 0.915313720703125, -0.482574462890625, -1.0, -1.0]}
2022-01-23 19:23:46,757 [DEBUG] {'gamepad_direct': [0.44085693359375, -0.139984130859375, 0.90765380859375, -0.518280029296875, -1.0, -1.0]}
2022-01-23 19:23:46,767 [DEBUG] {'gamepad_direct': [0.44085693359375, -0.139984130859375, 0.90765380859375, -0.518280029296875, -1.0, -1.0]}
2022-01-23 19:23:46,776 [DEBUG] {'gamepad_direct': [0.4140625, -0.18560791015625, 0.887420654296875, -0.575164794921875, -1.0, -1.0]}
2022-01-23 19:23:46,786 [DEBUG] {'gamepad_direct': [0.4140625, -0.18560791015625, 0.887420654296875, -0.575164794921875, -1.0, -1.0]}
2022-01-23 19:23:46,796 [DEBUG] {'gamepad_direct': [0.122650146484375, -0.26983642578125, 0.812408447265625, -0.68011474609375, -1.0, -1.0]}
2022-01-23 19:23:46,805 [DEBUG] {'gamepad_direct': [0.122650146484375, -0.26983642578125, 0.812408447265625, -0.68011474609375, -1.0, -1.0]}
2022-01-23 19:23:46,816 [DEBUG] {'gamepad_direct': [0.094207763671875, -0.312408447265625, 0.744842529296875, -0.749542236328125, -1.0, -1.0]}
2022-01-23 19:23:46,825 [DEBUG] {'gamepad_direct': [0.027618408203125, -0.339691162109375, 0.477874755859375, -0.820159912109375, -1.0, -1.0]}
2022-01-23 19:23:46,835 [DEBUG] {'gamepad_direct': [0.027618408203125, -0.339691162109375, 0.477874755859375, -0.820159912109375, -1.0, -1.0]}
2022-01-23 19:23:46,845 [DEBUG] {'gamepad_direct': [-0.212738037109375, -0.35369873046875, 0.42474365234375, -0.866973876953125, -1.0, -1.0]}
2022-01-23 19:23:46,855 [DEBUG] {'gamepad_direct': [-0.212738037109375, -0.35369873046875, 0.42474365234375, -0.866973876953125, -1.0, -1.0]}
2022-01-23 19:23:46,865 [DEBUG] {'gamepad_direct': [-0.27935791015625, -0.349700927734375, 0.18157958984375, -0.579376220703125, -1.0, -1.0]}
2022-01-23 19:23:46,875 [DEBUG] {'gamepad_direct': [-0.27935791015625, -0.349700927734375, 0.18157958984375, -0.579376220703125, -1.0, -1.0]}
2022-01-23 19:23:46,884 [DEBUG] {'gamepad_direct': [-0.549713134765625, -0.311798095703125, 0.090179443359375, -0.097564697265625, -1.0, -1.0]}
2022-01-23 19:23:46,894 [DEBUG] {'gamepad_direct': [-0.588165283203125, -0.27203369140625, 0.04443359375, -0.055389404296875, -1.0, -1.0]}
2022-01-23 19:23:46,904 [DEBUG] {'gamepad_direct': [-0.588165283203125, -0.27203369140625, 0.04443359375, -0.055389404296875, -1.0, -1.0]}
2022-01-23 19:23:46,914 [DEBUG] {'gamepad_direct': [-0.614227294921875, -0.224700927734375, 0.013916015625, -0.015838623046875, -1.0, -1.0]}
2022-01-23 19:23:46,923 [DEBUG] {'gamepad_direct': [-0.614227294921875, -0.224700927734375, 0.013916015625, -0.015838623046875, -1.0, -1.0]}
2022-01-23 19:23:46,933 [DEBUG] {'gamepad_direct': [-0.631103515625, -0.157958984375, -0.00830078125, 0.03631591796875, -1.0, -1.0]}
2022-01-23 19:23:46,944 [DEBUG] {'gamepad_direct': [-0.631103515625, -0.157958984375, -0.00830078125, 0.03631591796875, -1.0, -1.0]}
2022-01-23 19:23:46,954 [DEBUG] {'gamepad_direct': [-0.60601806640625, 0.09576416015625, -0.026123046875, 0.14990234375, -1.0, -1.0]}
2022-01-23 19:23:46,964 [DEBUG] {'gamepad_direct': [-0.60601806640625, 0.09576416015625, -0.026123046875, 0.14990234375, -1.0, -1.0]}
2022-01-23 19:23:46,973 [DEBUG] {'gamepad_direct': [-0.547027587890625, 0.124969482421875, -0.02178955078125, 0.224884033203125, -1.0, -1.0]}
2022-01-23 19:23:46,983 [DEBUG] {'gamepad_direct': [-0.547027587890625, 0.124969482421875, -0.02178955078125, 0.224884033203125, -1.0, -1.0]}
2022-01-23 19:23:46,992 [DEBUG] {'gamepad_direct': [-0.28558349609375, 0.16619873046875, 0.014495849609375, 0.28790283203125, -1.0, -1.0]}
2022-01-23 19:23:47,002 [DEBUG] {'gamepad_direct': [-0.256256103515625, 0.2119140625, 0.076080322265625, 0.3309326171875, -1.0, -1.0]}
2022-01-23 19:23:47,012 [DEBUG] {'gamepad_direct': [-0.256256103515625, 0.2119140625, 0.076080322265625, 0.3309326171875, -1.0, -1.0]}
2022-01-23 19:23:47,022 [DEBUG] {'gamepad_direct': [-0.193084716796875, 0.26519775390625, 0.317047119140625, 0.360565185546875, -1.0, -1.0]}
2022-01-23 19:23:47,032 [DEBUG] {'gamepad_direct': [-0.193084716796875, 0.26519775390625, 0.317047119140625, 0.360565185546875, -1.0, -1.0]}
2022-01-23 19:23:47,042 [DEBUG] {'gamepad_direct': [0.07427978515625, 0.36163330078125, 0.636932373046875, 0.391571044921875, -1.0, -1.0]}
2022-01-23 19:23:47,052 [DEBUG] {'gamepad_direct': [0.07427978515625, 0.36163330078125, 0.636932373046875, 0.391571044921875, -1.0, -1.0]}
2022-01-23 19:23:47,062 [DEBUG] {'gamepad_direct': [0.10369873046875, 0.4178466796875, 0.68701171875, 0.406036376953125, -1.0, -1.0]}
2022-01-23 19:23:47,072 [DEBUG] {'gamepad_direct': [0.164276123046875, 0.461029052734375, 0.928436279296875, 0.411285400390625, -1.0, -1.0]}
2022-01-23 19:23:47,082 [DEBUG] {'gamepad_direct': [0.164276123046875, 0.461029052734375, 0.928436279296875, 0.411285400390625, -1.0, -1.0]}
2022-01-23 19:23:47,092 [DEBUG] {'gamepad_direct': [0.236602783203125, 0.48974609375, 0.999969482421875, 0.365142822265625, -1.0, -1.0]}
2022-01-23 19:23:47,101 [DEBUG] {'gamepad_direct': [0.236602783203125, 0.48974609375, 0.999969482421875, 0.365142822265625, -1.0, -1.0]}
2022-01-23 19:23:47,111 [DEBUG] {'gamepad_direct': [0.29034423828125, 0.5057373046875, 0.999969482421875, 0.135162353515625, -1.0, -1.0]}
2022-01-23 19:23:47,122 [DEBUG] {'gamepad_direct': [0.29034423828125, 0.5057373046875, 0.999969482421875, 0.135162353515625, -1.0, -1.0]}
2022-01-23 19:23:47,131 [DEBUG] {'gamepad_direct': [0.327728271484375, 0.50762939453125, 0.999969482421875, 0.07659912109375, -1.0, -1.0]}
2022-01-23 19:23:47,141 [DEBUG] {'gamepad_direct': [0.360595703125, 0.477996826171875, 0.999969482421875, -0.023651123046875, -1.0, -1.0]}
2022-01-23 19:23:47,151 [DEBUG] {'gamepad_direct': [0.360595703125, 0.477996826171875, 0.999969482421875, -0.023651123046875, -1.0, -1.0]}
2022-01-23 19:23:47,161 [DEBUG] {'gamepad_direct': [0.36456298828125, 0.41424560546875, 0.999969482421875, -0.09832763671875, -1.0, -1.0]}
2022-01-23 19:23:47,171 [DEBUG] {'gamepad_direct': [0.36456298828125, 0.41424560546875, 0.999969482421875, -0.09832763671875, -1.0, -1.0]}
2022-01-23 19:23:47,181 [DEBUG] {'gamepad_direct': [0.320343017578125, 0.19415283203125, 0.999969482421875, -0.165863037109375, -1.0, -1.0]}
2022-01-23 19:23:47,191 [DEBUG] {'gamepad_direct': [0.320343017578125, 0.19415283203125, 0.999969482421875, -0.165863037109375, -1.0, -1.0]}
2022-01-23 19:23:47,200 [DEBUG] {'gamepad_direct': [0.264068603515625, 0.133758544921875, 0.999969482421875, -0.227752685546875, -1.0, -1.0]}
2022-01-23 19:23:47,210 [DEBUG] {'gamepad_direct': [0.2110595703125, 0.06158447265625, 0.999969482421875, -0.30084228515625, -1.0, -1.0]}
2022-01-23 19:23:47,220 [DEBUG] {'gamepad_direct': [0.2110595703125, 0.06158447265625, 0.999969482421875, -0.30084228515625, -1.0, -1.0]}
2022-01-23 19:23:47,229 [DEBUG] {'gamepad_direct': [0.149139404296875, -0.052093505859375, 0.98480224609375, -0.39862060546875, -1.0, -1.0]}
2022-01-23 19:23:47,240 [DEBUG] {'gamepad_direct': [0.149139404296875, -0.052093505859375, 0.98480224609375, -0.39862060546875, -1.0, -1.0]}
2022-01-23 19:23:47,249 [DEBUG] {'gamepad_direct': [0.122161865234375, -0.263946533203125, 0.960113525390625, -0.46142578125, -1.0, -1.0]}
2022-01-23 19:23:47,258 [DEBUG] {'gamepad_direct': [0.122161865234375, -0.263946533203125, 0.960113525390625, -0.46142578125, -1.0, -1.0]}
2022-01-23 19:23:47,268 [DEBUG] {'gamepad_direct': [0.094482421875, -0.31414794921875, 0.9345703125, -0.51165771484375, -1.0, -1.0]}
2022-01-23 19:23:47,277 [DEBUG] {'gamepad_direct': [0.094482421875, -0.31414794921875, 0.9345703125, -0.51165771484375, -1.0, -1.0]}
2022-01-23 19:23:47,287 [DEBUG] {'gamepad_direct': [0.053070068359375, -0.582366943359375, 0.914703369140625, -0.553985595703125, -1.0, -1.0]}
2022-01-23 19:23:47,296 [DEBUG] {'gamepad_direct': [0.053070068359375, -0.582366943359375, 0.914703369140625, -0.553985595703125, -1.0, -1.0]}
2022-01-23 19:23:47,306 [DEBUG] {'gamepad_direct': [-0.009063720703125, -0.62469482421875, 0.8857421875, -0.600311279296875, -1.0, -1.0]}
2022-01-23 19:23:47,316 [DEBUG] {'gamepad_direct': [-0.477386474609375, -0.86773681640625, 0.485565185546875, -0.648834228515625, -1.0, -1.0]}
2022-01-23 19:23:47,326 [DEBUG] {'gamepad_direct': [-0.477386474609375, -0.86773681640625, 0.485565185546875, -0.648834228515625, -1.0, -1.0]}
2022-01-23 19:23:47,336 [DEBUG] {'gamepad_direct': [-0.52581787109375, -0.87542724609375, -0.05316162109375, -0.66845703125, -1.0, -1.0]}
2022-01-23 19:23:47,346 [DEBUG] {'gamepad_direct': [-0.52581787109375, -0.87542724609375, -0.05316162109375, -0.66845703125, -1.0, -1.0]}
2022-01-23 19:23:47,355 [DEBUG] {'gamepad_direct': [-0.570404052734375, -0.876220703125, -0.436737060546875, -0.678558349609375, -1.0, -1.0]}
2022-01-23 19:23:47,365 [DEBUG] {'gamepad_direct': [-0.570404052734375, -0.876220703125, -0.436737060546875, -0.678558349609375, -1.0, -1.0]}
2022-01-23 19:23:47,375 [DEBUG] {'gamepad_direct': [-0.60791015625, -0.865753173828125, -0.8560791015625, -0.65911865234375, -1.0, -1.0]}
2022-01-23 19:23:47,385 [DEBUG] {'gamepad_direct': [-0.60791015625, -0.865753173828125, -0.8560791015625, -0.65911865234375, -1.0, -1.0]}
2022-01-23 19:23:47,394 [DEBUG] {'gamepad_direct': [-0.657501220703125, -0.835205078125, -1.0, -0.41552734375, -1.0, -1.0]}
2022-01-23 19:23:47,405 [DEBUG] {'gamepad_direct': [-0.731842041015625, -0.7708740234375, -1.0, -0.16143798828125, -1.0, -1.0]}
2022-01-23 19:23:47,415 [DEBUG] {'gamepad_direct': [-0.731842041015625, -0.7708740234375, -1.0, -0.16143798828125, -1.0, -1.0]}
2022-01-23 19:23:47,425 [DEBUG] {'gamepad_direct': [-0.778594970703125, -0.71307373046875, -1.0, -0.1136474609375, -1.0, -1.0]}
2022-01-23 19:23:47,435 [DEBUG] {'gamepad_direct': [-0.778594970703125, -0.71307373046875, -1.0, -0.1136474609375, -1.0, -1.0]}
2022-01-23 19:23:47,444 [DEBUG] {'gamepad_direct': [-0.828582763671875, -0.642303466796875, -1.0, 0.1025390625, -1.0, -1.0]}
2022-01-23 19:23:47,454 [DEBUG] {'gamepad_direct': [-0.828582763671875, -0.642303466796875, -1.0, 0.1025390625, -1.0, -1.0]}
2022-01-23 19:23:47,463 [DEBUG] {'gamepad_direct': [-0.864227294921875, -0.404144287109375, -1.0, 0.13623046875, -1.0, -1.0]}
2022-01-23 19:23:47,473 [DEBUG] {'gamepad_direct': [-0.864227294921875, -0.404144287109375, -1.0, 0.13623046875, -1.0, -1.0]}
2022-01-23 19:23:47,483 [DEBUG] {'gamepad_direct': [-0.883148193359375, -0.323028564453125, -1.0, 0.21185302734375, -1.0, -1.0]}
2022-01-23 19:23:47,493 [DEBUG] {'gamepad_direct': [-0.8431396484375, -0.255401611328125, -0.958099365234375, 0.27728271484375, -1.0, -1.0]}
2022-01-23 19:23:47,502 [DEBUG] {'gamepad_direct': [-0.8431396484375, -0.255401611328125, -0.958099365234375, 0.27728271484375, -1.0, -1.0]}
2022-01-23 19:23:47,512 [DEBUG] {'gamepad_direct': [-0.579864501953125, -0.187225341796875, -0.620391845703125, 0.338775634765625, -1.0, -1.0]}
2022-01-23 19:23:47,522 [DEBUG] {'gamepad_direct': [-0.579864501953125, -0.187225341796875, -0.620391845703125, 0.338775634765625, -1.0, -1.0]}
2022-01-23 19:23:47,532 [DEBUG] {'gamepad_direct': [-0.5404052734375, -0.130096435546875, -0.283905029296875, 0.3917236328125, -1.0, -1.0]}
2022-01-23 19:23:47,541 [DEBUG] {'gamepad_direct': [-0.5404052734375, -0.130096435546875, -0.283905029296875, 0.3917236328125, -1.0, -1.0]}
2022-01-23 19:23:47,551 [DEBUG] {'gamepad_direct': [-0.291717529296875, -0.087554931640625, 0.0025634765625, 0.424407958984375, -1.0, -1.0]}
2022-01-23 19:23:47,560 [DEBUG] {'gamepad_direct': [-0.291717529296875, -0.087554931640625, 0.0025634765625, 0.424407958984375, -1.0, -1.0]}
2022-01-23 19:23:47,569 [DEBUG] {'gamepad_direct': [-0.268585205078125, -0.055999755859375, 0.35394287109375, 0.444000244140625, -1.0, -1.0]}
2022-01-23 19:23:47,579 [DEBUG] {'gamepad_direct': [-0.268585205078125, -0.055999755859375, 0.35394287109375, 0.444000244140625, -1.0, -1.0]}
2022-01-23 19:23:47,588 [DEBUG] {'gamepad_direct': [-0.19390869140625, -0.026763916015625, 0.705413818359375, 0.454345703125, -1.0, -1.0]}
2022-01-23 19:23:47,598 [DEBUG] {'gamepad_direct': [-0.19390869140625, -0.026763916015625, 0.705413818359375, 0.454345703125, -1.0, -1.0]}
2022-01-23 19:23:47,607 [DEBUG] {'gamepad_direct': [-0.15069580078125, -0.013702392578125, 0.999969482421875, 0.4195556640625, -1.0, -1.0]}
2022-01-23 19:23:47,616 [DEBUG] {'gamepad_direct': [-0.122772216796875, -0.0047607421875, 0.999969482421875, 0.1920166015625, -1.0, -1.0]}
2022-01-23 19:23:47,626 [DEBUG] {'gamepad_direct': [-0.122772216796875, -0.0047607421875, 0.999969482421875, 0.1920166015625, -1.0, -1.0]}
2022-01-23 19:23:47,636 [DEBUG] {'gamepad_direct': [-0.104766845703125, 0.001220703125, 0.999969482421875, 0.1380615234375, -1.0, -1.0]}
2022-01-23 19:23:47,646 [DEBUG] {'gamepad_direct': [-0.104766845703125, 0.001220703125, 0.999969482421875, 0.1380615234375, -1.0, -1.0]}
2022-01-23 19:23:47,655 [DEBUG] {'gamepad_direct': [-0.089324951171875, 0.006439208984375, 0.999969482421875, 0.02801513671875, -1.0, -1.0]}
2022-01-23 19:23:47,665 [DEBUG] {'gamepad_direct': [-0.089324951171875, 0.006439208984375, 0.999969482421875, 0.02801513671875, -1.0, -1.0]}
2022-01-23 19:23:47,675 [DEBUG] {'gamepad_direct': [-0.08367919921875, 0.006439208984375, 0.999969482421875, -0.04541015625, -1.0, -1.0]}
2022-01-23 19:23:47,685 [DEBUG] {'gamepad_direct': [-0.08367919921875, 0.006439208984375, 0.999969482421875, -0.04541015625, -1.0, -1.0]}
2022-01-23 19:23:47,695 [DEBUG] {'gamepad_direct': [-0.07989501953125, 0.006439208984375, 0.999969482421875, -0.10845947265625, -1.0, -1.0]}
2022-01-23 19:23:47,705 [DEBUG] {'gamepad_direct': [-0.07757568359375, 0.000823974609375, 0.999969482421875, -0.155914306640625, -1.0, -1.0]}
2022-01-23 19:23:47,715 [DEBUG] {'gamepad_direct': [-0.07757568359375, 0.000823974609375, 0.999969482421875, -0.155914306640625, -1.0, -1.0]}
2022-01-23 19:23:47,724 [DEBUG] {'gamepad_direct': [-0.076629638671875, -0.0126953125, 0.999969482421875, -0.19036865234375, -1.0, -1.0]}
2022-01-23 19:23:47,734 [DEBUG] {'gamepad_direct': [-0.076629638671875, -0.0126953125, 0.999969482421875, -0.19036865234375, -1.0, -1.0]}
2022-01-23 19:23:47,744 [DEBUG] {'gamepad_direct': [-0.072967529296875, -0.051422119140625, 0.999969482421875, -0.2412109375, -1.0, -1.0]}
2022-01-23 19:23:47,754 [DEBUG] {'gamepad_direct': [-0.072967529296875, -0.051422119140625, 0.999969482421875, -0.2412109375, -1.0, -1.0]}
2022-01-23 19:23:47,763 [DEBUG] {'gamepad_direct': [-0.07073974609375, -0.09716796875, 0.977874755859375, -0.27520751953125, -1.0, -1.0]}
2022-01-23 19:23:47,774 [DEBUG] {'gamepad_direct': [-0.07073974609375, -0.09716796875, 0.977874755859375, -0.27520751953125, -1.0, -1.0]}
2022-01-23 19:23:47,784 [DEBUG] {'gamepad_direct': [-0.0699462890625, -0.139801025390625, 0.734527587890625, -0.29681396484375, -1.0, -1.0]}
2022-01-23 19:23:47,793 [DEBUG] {'gamepad_direct': [-0.0699462890625, -0.139801025390625, 0.734527587890625, -0.29681396484375, -1.0, -1.0]}
2022-01-23 19:23:47,803 [DEBUG] {'gamepad_direct': [-0.08331298828125, -0.177490234375, 0.506072998046875, -0.287078857421875, -1.0, -1.0]}
2022-01-23 19:23:47,813 [DEBUG] {'gamepad_direct': [-0.114349365234375, -0.22698974609375, 0.2481689453125, -0.21795654296875, -1.0, -1.0]}
2022-01-23 19:23:47,823 [DEBUG] {'gamepad_direct': [-0.114349365234375, -0.22698974609375, 0.2481689453125, -0.21795654296875, -1.0, -1.0]}
2022-01-23 19:23:47,833 [DEBUG] {'gamepad_direct': [-0.163116455078125, -0.255889892578125, 0.198699951171875, -0.147796630859375, -1.0, -1.0]}
2022-01-23 19:23:47,843 [DEBUG] {'gamepad_direct': [-0.163116455078125, -0.255889892578125, 0.198699951171875, -0.147796630859375, -1.0, -1.0]}
2022-01-23 19:23:47,853 [DEBUG] {'gamepad_direct': [-0.405059814453125, -0.285858154296875, 0.1451416015625, -0.08514404296875, -1.0, -1.0]}
2022-01-23 19:23:47,863 [DEBUG] {'gamepad_direct': [-0.405059814453125, -0.285858154296875, 0.1451416015625, -0.08514404296875, -1.0, -1.0]}
2022-01-23 19:23:47,872 [DEBUG] {'gamepad_direct': [-0.439361572265625, -0.315216064453125, 0.08734130859375, -0.042266845703125, -1.0, -1.0]}
2022-01-23 19:23:47,882 [DEBUG] {'gamepad_direct': [-0.50531005859375, -0.343017578125, 0.046173095703125, -0.014984130859375, -1.0, -1.0]}
2022-01-23 19:23:47,892 [DEBUG] {'gamepad_direct': [-0.50531005859375, -0.343017578125, 0.046173095703125, -0.014984130859375, -1.0, -1.0]}
2022-01-23 19:23:47,902 [DEBUG] {'gamepad_direct': [-0.74774169921875, -0.370361328125, -0.003173828125, 0.011627197265625, -1.0, -1.0]}
2022-01-23 19:23:47,912 [DEBUG] {'gamepad_direct': [-0.74774169921875, -0.370361328125, -0.003173828125, 0.011627197265625, -1.0, -1.0]}
2022-01-23 19:23:47,922 [DEBUG] {'gamepad_direct': [-0.772796630859375, -0.38079833984375, -0.05133056640625, 0.0362548828125, -1.0, -1.0]}
2022-01-23 19:23:47,932 [DEBUG] {'gamepad_direct': [-0.772796630859375, -0.38079833984375, -0.05133056640625, 0.0362548828125, -1.0, -1.0]}
2022-01-23 19:23:47,942 [DEBUG] {'gamepad_direct': [-0.78955078125, -0.3873291015625, -0.114166259765625, 0.07061767578125, -1.0, -1.0]}
2022-01-23 19:23:47,952 [DEBUG] {'gamepad_direct': [-0.78955078125, -0.3873291015625, -0.114166259765625, 0.07061767578125, -1.0, -1.0]}
2022-01-23 19:23:47,962 [DEBUG] {'gamepad_direct': [-0.80047607421875, -0.38922119140625, -0.1644287109375, 0.093536376953125, -1.0, -1.0]}
2022-01-23 19:23:47,972 [DEBUG] {'gamepad_direct': [-0.809844970703125, -0.38922119140625, -0.208221435546875, 0.09967041015625, -1.0, -1.0]}
2022-01-23 19:23:47,981 [DEBUG] {'gamepad_direct': [-0.809844970703125, -0.38922119140625, -0.208221435546875, 0.09967041015625, -1.0, -1.0]}
2022-01-23 19:23:47,992 [DEBUG] {'gamepad_direct': [-0.811431884765625, -0.375701904296875, -0.21856689453125, 0.08575439453125, -1.0, -1.0]}
2022-01-23 19:23:48,001 [DEBUG] {'gamepad_direct': [-0.811431884765625, -0.375701904296875, -0.21856689453125, 0.08575439453125, -1.0, -1.0]}
2022-01-23 19:23:48,012 [DEBUG] {'gamepad_direct': [-0.801544189453125, -0.3560791015625, -0.189300537109375, 0.069305419921875, -1.0, -1.0]}
2022-01-23 19:23:48,022 [DEBUG] {'gamepad_direct': [-0.801544189453125, -0.3560791015625, -0.189300537109375, 0.069305419921875, -1.0, -1.0]}
2022-01-23 19:23:48,032 [DEBUG] {'gamepad_direct': [-0.755462646484375, -0.329833984375, -0.1434326171875, 0.05499267578125, -1.0, -1.0]}
2022-01-23 19:23:48,042 [DEBUG] {'gamepad_direct': [-0.755462646484375, -0.329833984375, -0.1434326171875, 0.05499267578125, -1.0, -1.0]}
2022-01-23 19:23:48,052 [DEBUG] {'gamepad_direct': [-0.677978515625, -0.275604248046875, -0.0701904296875, 0.040618896484375, -1.0, -1.0]}
2022-01-23 19:23:48,062 [DEBUG] {'gamepad_direct': [-0.631072998046875, -0.230712890625, -0.01971435546875, 0.03692626953125, -1.0, -1.0]}
2022-01-23 19:23:48,072 [DEBUG] {'gamepad_direct': [-0.631072998046875, -0.230712890625, -0.01971435546875, 0.03692626953125, -1.0, -1.0]}
2022-01-23 19:23:48,082 [DEBUG] {'gamepad_direct': [-0.591522216796875, -0.169036865234375, 0.206939697265625, 0.03692626953125, -1.0, -1.0]}
2022-01-23 19:23:48,093 [DEBUG] {'gamepad_direct': [-0.591522216796875, -0.169036865234375, 0.206939697265625, 0.03692626953125, -1.0, -1.0]}
2022-01-23 19:23:48,103 [DEBUG] {'gamepad_direct': [-0.56103515625, -0.10107421875, 0.267669677734375, 0.054534912109375, -1.0, -1.0]}
2022-01-23 19:23:48,115 [DEBUG] {'gamepad_direct': [-0.5196533203125, -0.03466796875, 0.533843994140625, 0.069305419921875, -1.0, -1.0]}
2022-01-23 19:23:48,125 [DEBUG] {'gamepad_direct': [-0.5196533203125, -0.03466796875, 0.533843994140625, 0.069305419921875, -1.0, -1.0]}
2022-01-23 19:23:48,135 [DEBUG] {'gamepad_direct': [-0.44964599609375, 0.05126953125, 0.82928466796875, 0.068634033203125, -1.0, -1.0]}
2022-01-23 19:23:48,145 [DEBUG] {'gamepad_direct': [-0.44964599609375, 0.05126953125, 0.82928466796875, 0.068634033203125, -1.0, -1.0]}
2022-01-23 19:23:48,155 [DEBUG] {'gamepad_direct': [-0.4010009765625, 0.10003662109375, 0.846466064453125, 0.036376953125, -1.0, -1.0]}
2022-01-23 19:23:48,165 [DEBUG] {'gamepad_direct': [-0.4010009765625, 0.10003662109375, 0.846466064453125, 0.036376953125, -1.0, -1.0]}
2022-01-23 19:23:48,175 [DEBUG] {'gamepad_direct': [-0.359039306640625, 0.143096923828125, 0.880584716796875, -0.013519287109375, -1.0, -1.0]}
2022-01-23 19:23:48,186 [DEBUG] {'gamepad_direct': [-0.3314208984375, 0.175323486328125, 0.910919189453125, -0.065643310546875, -1.0, -1.0]}
2022-01-23 19:23:48,196 [DEBUG] {'gamepad_direct': [-0.3314208984375, 0.175323486328125, 0.910919189453125, -0.065643310546875, -1.0, -1.0]}
2022-01-23 19:23:48,205 [DEBUG] {'gamepad_direct': [-0.3070068359375, 0.203887939453125, 0.938201904296875, -0.15472412109375, -1.0, -1.0]}
2022-01-23 19:23:48,215 [DEBUG] {'gamepad_direct': [-0.3070068359375, 0.203887939453125, 0.938201904296875, -0.15472412109375, -1.0, -1.0]}
2022-01-23 19:23:48,225 [DEBUG] {'gamepad_direct': [-0.297821044921875, 0.2127685546875, 0.947906494140625, -0.20733642578125, -1.0, -1.0]}
2022-01-23 19:23:48,235 [DEBUG] {'gamepad_direct': [-0.297821044921875, 0.2127685546875, 0.947906494140625, -0.20733642578125, -1.0, -1.0]}
2022-01-23 19:23:48,245 [DEBUG] {'gamepad_direct': [-0.2921142578125, 0.203887939453125, 0.924591064453125, -0.2528076171875, -1.0, -1.0]}
2022-01-23 19:23:48,255 [DEBUG] {'gamepad_direct': [-0.287322998046875, 0.1783447265625, 0.865142822265625, -0.28387451171875, -1.0, -1.0]}
2022-01-23 19:23:48,265 [DEBUG] {'gamepad_direct': [-0.287322998046875, 0.1783447265625, 0.865142822265625, -0.28387451171875, -1.0, -1.0]}
2022-01-23 19:23:48,274 [DEBUG] {'gamepad_direct': [-0.279449462890625, 0.135589599609375, 0.79473876953125, -0.300079345703125, -1.0, -1.0]}
2022-01-23 19:23:48,284 [DEBUG] {'gamepad_direct': [-0.279449462890625, 0.135589599609375, 0.79473876953125, -0.300079345703125, -1.0, -1.0]}
2022-01-23 19:23:48,294 [DEBUG] {'gamepad_direct': [-0.264862060546875, 0.0792236328125, 0.7281494140625, -0.288299560546875, -1.0, -1.0]}
2022-01-23 19:23:48,304 [DEBUG] {'gamepad_direct': [-0.264862060546875, 0.0792236328125, 0.7281494140625, -0.288299560546875, -1.0, -1.0]}
2022-01-23 19:23:48,314 [DEBUG] {'gamepad_direct': [-0.2418212890625, -0.00250244140625, 0.210296630859375, -0.23492431640625, -1.0, -1.0]}
2022-01-23 19:23:48,323 [DEBUG] {'gamepad_direct': [-0.2418212890625, -0.00250244140625, 0.210296630859375, -0.23492431640625, -1.0, -1.0]}
2022-01-23 19:23:48,333 [DEBUG] {'gamepad_direct': [-0.229034423828125, -0.046600341796875, 0.159454345703125, -0.013458251953125, -1.0, -1.0]}
2022-01-23 19:23:48,344 [DEBUG] {'gamepad_direct': [-0.218963623046875, -0.082611083984375, 0.1265869140625, -0.013458251953125, -1.0, -1.0]}
2022-01-23 19:23:48,354 [DEBUG] {'gamepad_direct': [-0.218963623046875, -0.082611083984375, 0.1265869140625, -0.013458251953125, -1.0, -1.0]}
2022-01-23 19:23:48,364 [DEBUG] {'gamepad_direct': [-0.21240234375, -0.11248779296875, 0.1048583984375, -0.013458251953125, -1.0, -1.0]}
2022-01-23 19:23:48,374 [DEBUG] {'gamepad_direct': [-0.21240234375, -0.11248779296875, 0.1048583984375, -0.013458251953125, -1.0, -1.0]}
2022-01-23 19:23:48,383 [DEBUG] {'gamepad_direct': [-0.206451416015625, -0.144500732421875, 0.0853271484375, -0.013458251953125, -1.0, -1.0]}
2022-01-23 19:23:48,393 [DEBUG] {'gamepad_direct': [-0.206451416015625, -0.144500732421875, 0.0853271484375, -0.013458251953125, -1.0, -1.0]}
2022-01-23 19:23:48,402 [DEBUG] {'gamepad_direct': [-0.204254150390625, -0.157318115234375, 0.077972412109375, -0.013458251953125, -1.0, -1.0]}
2022-01-23 19:23:48,412 [DEBUG] {'gamepad_direct': [-0.204254150390625, -0.157318115234375, 0.077972412109375, -0.013458251953125, -1.0, -1.0]}
2022-01-23 19:23:48,421 [DEBUG] {'gamepad_direct': [-0.203399658203125, -0.165496826171875, 0.073089599609375, -0.013458251953125, -1.0, -1.0]}
2022-01-23 19:23:48,431 [DEBUG] {'gamepad_direct': [-0.203399658203125, -0.165496826171875, 0.073089599609375, -0.013458251953125, -1.0, -1.0]}
2022-01-23 19:23:48,441 [DEBUG] {'gamepad_direct': [-0.203399658203125, -0.170135498046875, 0.069976806640625, -0.013458251953125, -1.0, -1.0]}
2022-01-23 19:23:48,450 [DEBUG] {'gamepad_direct': [-0.201080322265625, -0.171539306640625, 0.067474365234375, -0.013458251953125, -1.0, -1.0]}
2022-01-23 19:23:48,460 [DEBUG] {'gamepad_direct': [-0.201080322265625, -0.171539306640625, 0.067474365234375, -0.013458251953125, -1.0, -1.0]}
2022-01-23 19:23:48,469 [DEBUG] {'gamepad_direct': [-0.201080322265625, -0.16632080078125, 0.060455322265625, -0.013458251953125, -1.0, -1.0]}
2022-01-23 19:23:48,480 [DEBUG] {'gamepad_direct': [-0.201080322265625, -0.16632080078125, 0.060455322265625, -0.013458251953125, -1.0, -1.0]}
2022-01-23 19:23:48,489 [DEBUG] {'gamepad_direct': [-0.201080322265625, -0.1513671875, 0.034759521484375, -0.005767822265625, -1.0, -1.0]}
2022-01-23 19:23:48,499 [DEBUG] {'gamepad_direct': [-0.201080322265625, -0.1513671875, 0.034759521484375, -0.005767822265625, -1.0, -1.0]}
2022-01-23 19:23:48,509 [DEBUG] {'gamepad_direct': [-0.201080322265625, -0.12738037109375, 0.012542724609375, 0.007080078125, -1.0, -1.0]}
2022-01-23 19:23:48,518 [DEBUG] {'gamepad_direct': [-0.201080322265625, -0.12738037109375, 0.012542724609375, 0.007080078125, -1.0, -1.0]}
2022-01-23 19:23:48,528 [DEBUG] {'gamepad_direct': [-0.198974609375, -0.0985107421875, -0.00189208984375, 0.016998291015625, -1.0, -1.0]}
2022-01-23 19:23:48,538 [DEBUG] {'gamepad_direct': [-0.198974609375, -0.0985107421875, -0.00189208984375, 0.016998291015625, -1.0, -1.0]}
2022-01-23 19:23:48,549 [DEBUG] {'gamepad_direct': [-0.165008544921875, -0.05523681640625, -0.0142822265625, 0.027435302734375, -1.0, -1.0]}
2022-01-23 19:23:48,558 [DEBUG] {'gamepad_direct': [-0.143341064453125, -0.027679443359375, -0.018035888671875, 0.034637451171875, -1.0, -1.0]}
2022-01-23 19:23:48,569 [DEBUG] {'gamepad_direct': [-0.143341064453125, -0.027679443359375, -0.018035888671875, 0.034637451171875, -1.0, -1.0]}
2022-01-23 19:23:48,578 [DEBUG] {'gamepad_direct': [-0.12811279296875, -0.004241943359375, -0.019744873046875, 0.041046142578125, -1.0, -1.0]}
2022-01-23 19:23:48,589 [DEBUG] {'gamepad_direct': [-0.12811279296875, -0.004241943359375, -0.019744873046875, 0.041046142578125, -1.0, -1.0]}
2022-01-23 19:23:48,598 [DEBUG] {'gamepad_direct': [-0.1180419921875, 0.014984130859375, -0.019744873046875, 0.045806884765625, -1.0, -1.0]}
2022-01-23 19:23:48,609 [DEBUG] {'gamepad_direct': [-0.1180419921875, 0.014984130859375, -0.019744873046875, 0.045806884765625, -1.0, -1.0]}
2022-01-23 19:23:48,619 [DEBUG] {'gamepad_direct': [-0.11138916015625, 0.0294189453125, -0.019744873046875, 0.048980712890625, -1.0, -1.0]}
2022-01-23 19:23:48,629 [DEBUG] {'gamepad_direct': [-0.105682373046875, 0.042449951171875, -0.019744873046875, 0.051025390625, -1.0, -1.0]}
2022-01-23 19:23:48,639 [DEBUG] {'gamepad_direct': [-0.105682373046875, 0.042449951171875, -0.019744873046875, 0.051025390625, -1.0, -1.0]}
2022-01-23 19:23:48,648 [DEBUG] {'gamepad_direct': [-0.104217529296875, 0.04742431640625, -0.019744873046875, 0.052337646484375, -1.0, -1.0]}
2022-01-23 19:23:48,658 [DEBUG] {'gamepad_direct': [-0.104217529296875, 0.04742431640625, -0.019744873046875, 0.052337646484375, -1.0, -1.0]}
2022-01-23 19:23:48,667 [DEBUG] {'gamepad_direct': [-0.1024169921875, 0.050445556640625, -0.019744873046875, 0.052337646484375, -1.0, -1.0]}
2022-01-23 19:23:48,677 [DEBUG] {'gamepad_direct': [-0.1024169921875, 0.050445556640625, -0.019744873046875, 0.052337646484375, -1.0, -1.0]}
2022-01-23 19:23:48,687 [DEBUG] {'gamepad_direct': [-0.10125732421875, 0.050445556640625, -0.019744873046875, 0.052337646484375, -1.0, -1.0]}
2022-01-23 19:23:48,696 [DEBUG] {'gamepad_direct': [-0.10125732421875, 0.050445556640625, -0.019744873046875, 0.052337646484375, -1.0, -1.0]}
2022-01-23 19:23:48,707 [DEBUG] {'gamepad_direct': [-0.10125732421875, 0.050445556640625, -0.019744873046875, 0.0477294921875, -1.0, -1.0]}
2022-01-23 19:23:48,716 [DEBUG] {'gamepad_direct': [-0.10125732421875, 0.050445556640625, -0.019744873046875, 0.042022705078125, -1.0, -1.0]}
2022-01-23 19:23:48,725 [DEBUG] {'gamepad_direct': [-0.10125732421875, 0.050445556640625, -0.019744873046875, 0.042022705078125, -1.0, -1.0]}
2022-01-23 19:23:48,735 [DEBUG] {'gamepad_direct': [-0.096954345703125, 0.050445556640625, -0.019744873046875, 0.036468505859375, -1.0, -1.0]}
2022-01-23 19:23:48,745 [DEBUG] {'gamepad_direct': [-0.096954345703125, 0.050445556640625, -0.019744873046875, 0.036468505859375, -1.0, -1.0]}
2022-01-23 19:23:48,755 [DEBUG] {'gamepad_direct': [-0.09271240234375, 0.04443359375, -0.019744873046875, 0.034271240234375, -1.0, -1.0]}
2022-01-23 19:23:48,765 [DEBUG] {'gamepad_direct': [-0.09271240234375, 0.04443359375, -0.019744873046875, 0.034271240234375, -1.0, -1.0]}
2022-01-23 19:23:48,775 [DEBUG] {'gamepad_direct': [-0.08746337890625, 0.042388916015625, -0.019744873046875, 0.03350830078125, -1.0, -1.0]}
2022-01-23 19:23:48,784 [DEBUG] {'gamepad_direct': [-0.08233642578125, 0.040924072265625, -0.019744873046875, 0.03350830078125, -1.0, -1.0]}
2022-01-23 19:23:48,794 [DEBUG] {'gamepad_direct': [-0.08233642578125, 0.040924072265625, -0.019744873046875, 0.03350830078125, -1.0, -1.0]}
2022-01-23 19:23:48,804 [DEBUG] {'gamepad_direct': [-0.080108642578125, 0.040924072265625, -0.019744873046875, 0.03350830078125, -1.0, -1.0]}
2022-01-23 19:23:48,814 [DEBUG] {'gamepad_direct': [-0.080108642578125, 0.040924072265625, -0.019744873046875, 0.03350830078125, -1.0, -1.0]}
2022-01-23 19:23:48,824 [DEBUG] {'gamepad_direct': [-0.080108642578125, 0.040924072265625, -0.019744873046875, 0.03350830078125, -1.0, -1.0]}
2022-01-23 19:23:48,834 [DEBUG] {'gamepad_direct': [-0.080108642578125, 0.040924072265625, -0.019744873046875, 0.03350830078125, -1.0, -1.0]}
2022-01-23 19:23:48,843 [DEBUG] {'gamepad_direct': [-0.080108642578125, 0.040924072265625, -0.019744873046875, 0.03350830078125, -1.0, -1.0]}
2022-01-23 19:23:48,853 [DEBUG] {'gamepad_direct': [-0.080108642578125, 0.040924072265625, -0.019744873046875, 0.03350830078125, -1.0, -1.0]}
2022-01-23 19:23:48,863 [DEBUG] {'gamepad_direct': [-0.080108642578125, 0.040924072265625, -0.019744873046875, 0.03350830078125, -1.0, -1.0]}
2022-01-23 19:23:48,875 [DEBUG] {'gamepad_direct': [-0.080108642578125, 0.040924072265625, -0.019744873046875, 0.03350830078125, -1.0, -1.0]}
2022-01-23 19:23:48,886 [DEBUG] {'gamepad_direct': [-0.080108642578125, 0.040924072265625, -0.019744873046875, 0.03350830078125, -1.0, -1.0]}
2022-01-23 19:23:48,896 [DEBUG] {'gamepad_direct': [-0.080108642578125, 0.040924072265625, -0.019744873046875, 0.03350830078125, -1.0, -1.0]}
2022-01-23 19:23:48,905 [DEBUG] {'gamepad_direct': [-0.080108642578125, 0.040924072265625, -0.019744873046875, 0.03350830078125, -1.0, -1.0]}
2022-01-23 19:23:48,915 [DEBUG] {'gamepad_direct': [-0.080108642578125, 0.040924072265625, -0.019744873046875, 0.03350830078125, -1.0, -1.0]}
2022-01-23 19:23:48,925 [DEBUG] {'gamepad_direct': [-0.080108642578125, 0.040924072265625, -0.019744873046875, 0.03350830078125, -1.0, -1.0]}
2022-01-23 19:23:48,935 [DEBUG] {'gamepad_direct': [-0.080108642578125, 0.040924072265625, -0.019744873046875, 0.03350830078125, -1.0, -1.0]}
2022-01-23 19:23:48,945 [DEBUG] {'gamepad_direct': [-0.080108642578125, 0.040924072265625, -0.019744873046875, 0.03350830078125, -1.0, -1.0]}
2022-01-23 19:23:48,955 [DEBUG] {'gamepad_direct': [-0.080108642578125, 0.040924072265625, -0.019744873046875, 0.03350830078125, -1.0, -1.0]}
2022-01-23 19:23:48,965 [DEBUG] {'gamepad_direct': [-0.080108642578125, 0.040924072265625, -0.019744873046875, 0.03350830078125, -1.0, -1.0]}
2022-01-23 19:23:48,975 [DEBUG] {'gamepad_direct': [-0.080108642578125, 0.040924072265625, -0.019744873046875, 0.03350830078125, -1.0, -1.0]}
2022-01-23 19:23:48,985 [DEBUG] {'gamepad_direct': [-0.080108642578125, 0.040924072265625, -0.019744873046875, 0.03350830078125, -1.0, -1.0]}
2022-01-23 19:23:48,995 [DEBUG] {'gamepad_direct': [-0.080108642578125, 0.040924072265625, -0.019744873046875, 0.03350830078125, -1.0, -1.0]}
2022-01-23 19:23:49,005 [DEBUG] {'gamepad_direct': [-0.080108642578125, 0.040924072265625, -0.019744873046875, 0.03350830078125, -1.0, -1.0]}
2022-01-23 19:23:49,015 [DEBUG] {'gamepad_direct': [-0.080108642578125, 0.040924072265625, -0.019744873046875, 0.03350830078125, -1.0, -1.0]}
2022-01-23 19:23:49,024 [DEBUG] {'gamepad_direct': [-0.080108642578125, 0.040924072265625, -0.019744873046875, 0.03350830078125, -1.0, -1.0]}
2022-01-23 19:23:49,034 [DEBUG] {'gamepad_direct': [-0.080108642578125, 0.040924072265625, -0.019744873046875, 0.03350830078125, -1.0, -1.0]}
2022-01-23 19:23:49,044 [DEBUG] {'gamepad_direct': [-0.080108642578125, 0.040924072265625, -0.019744873046875, 0.03350830078125, -1.0, -1.0]}
2022-01-23 19:23:49,054 [DEBUG] {'gamepad_direct': [-0.080108642578125, 0.040924072265625, -0.019744873046875, 0.03350830078125, -1.0, -1.0]}
2022-01-23 19:23:49,064 [DEBUG] {'gamepad_direct': [-0.080108642578125, 0.040924072265625, -0.019744873046875, 0.03350830078125, -1.0, -1.0]}
2022-01-23 19:23:49,074 [DEBUG] {'gamepad_direct': [-0.080108642578125, 0.040924072265625, -0.019744873046875, 0.03350830078125, -1.0, -1.0]}
2022-01-23 19:23:49,084 [DEBUG] {'gamepad_direct': [-0.080108642578125, 0.040924072265625, -0.019744873046875, 0.03350830078125, -1.0, -1.0]}
2022-01-23 19:23:49,093 [DEBUG] {'gamepad_direct': [-0.080108642578125, 0.040924072265625, -0.019744873046875, 0.03350830078125, -1.0, -1.0]}
2022-01-23 19:23:49,103 [DEBUG] {'gamepad_direct': [-0.080108642578125, 0.040924072265625, -0.019744873046875, 0.03350830078125, -1.0, -1.0]}
2022-01-23 19:23:49,113 [DEBUG] {'gamepad_direct': [-0.080108642578125, 0.040924072265625, -0.019744873046875, 0.03350830078125, -1.0, -1.0]}
2022-01-23 19:23:49,123 [DEBUG] {'gamepad_direct': [-0.080108642578125, 0.040924072265625, -0.019744873046875, 0.03350830078125, -1.0, -1.0]}
2022-01-23 19:23:49,133 [DEBUG] {'gamepad_direct': [-0.080108642578125, 0.040924072265625, -0.019744873046875, 0.03350830078125, -1.0, -1.0]}
2022-01-23 19:23:49,143 [DEBUG] {'gamepad_direct': [-0.080108642578125, 0.040924072265625, -0.019744873046875, 0.03350830078125, -1.0, -1.0]}
2022-01-23 19:23:49,152 [DEBUG] {'gamepad_direct': [-0.080108642578125, 0.040924072265625, -0.019744873046875, 0.03350830078125, -1.0, -1.0]}
2022-01-23 19:23:49,162 [DEBUG] {'gamepad_direct': [-0.080108642578125, 0.040924072265625, -0.019744873046875, 0.03350830078125, -1.0, -1.0]}
2022-01-23 19:23:49,172 [DEBUG] {'gamepad_direct': [-0.080108642578125, 0.040924072265625, -0.019744873046875, 0.03350830078125, -1.0, -1.0]}
2022-01-23 19:23:49,182 [DEBUG] {'gamepad_direct': [-0.080108642578125, 0.040924072265625, -0.019744873046875, 0.03350830078125, -1.0, -1.0]}
2022-01-23 19:23:49,192 [DEBUG] {'gamepad_direct': [-0.080108642578125, 0.040924072265625, -0.019744873046875, 0.03350830078125, -1.0, -1.0]}
2022-01-23 19:23:49,202 [DEBUG] {'gamepad_direct': [-0.080108642578125, 0.040924072265625, -0.019744873046875, 0.03350830078125, -1.0, -1.0]}
2022-01-23 19:23:49,212 [DEBUG] {'gamepad_direct': [-0.080108642578125, 0.040924072265625, -0.019744873046875, 0.03350830078125, -1.0, -1.0]}
2022-01-23 19:23:49,222 [DEBUG] {'gamepad_direct': [-0.080108642578125, 0.040924072265625, -0.019744873046875, 0.03350830078125, -1.0, -1.0]}
2022-01-23 19:23:49,232 [DEBUG] {'gamepad_direct': [-0.080108642578125, 0.040924072265625, -0.019744873046875, 0.03350830078125, -1.0, -1.0]}
2022-01-23 19:23:49,242 [DEBUG] {'gamepad_direct': [-0.080108642578125, 0.040924072265625, -0.019744873046875, 0.03350830078125, -1.0, -1.0]}
2022-01-23 19:23:49,251 [DEBUG] {'gamepad_direct': [-0.080108642578125, 0.040924072265625, -0.019744873046875, 0.03350830078125, -1.0, -1.0]}
2022-01-23 19:23:49,261 [DEBUG] {'gamepad_direct': [-0.080108642578125, 0.040924072265625, -0.019744873046875, 0.03350830078125, -1.0, -1.0]}
2022-01-23 19:23:49,271 [DEBUG] {'gamepad_direct': [-0.080108642578125, 0.040924072265625, -0.019744873046875, 0.03350830078125, -1.0, -1.0]}
2022-01-23 19:23:49,280 [DEBUG] {'gamepad_direct': [-0.080108642578125, 0.040924072265625, -0.019744873046875, 0.03350830078125, -1.0, -1.0]}
2022-01-23 19:23:49,290 [DEBUG] {'gamepad_direct': [-0.080108642578125, 0.040924072265625, -0.019744873046875, 0.03350830078125, -1.0, -1.0]}
2022-01-23 19:23:49,300 [DEBUG] {'gamepad_direct': [-0.080108642578125, 0.040924072265625, -0.019744873046875, 0.03350830078125, -1.0, -1.0]}
2022-01-23 19:23:49,309 [DEBUG] {'gamepad_direct': [-0.080108642578125, 0.040924072265625, -0.019744873046875, 0.03350830078125, -1.0, -1.0]}
2022-01-23 19:23:49,319 [DEBUG] {'gamepad_direct': [-0.080108642578125, 0.040924072265625, -0.019744873046875, 0.03350830078125, -1.0, -1.0]}
2022-01-23 19:23:49,329 [DEBUG] {'gamepad_direct': [-0.080108642578125, 0.040924072265625, -0.019744873046875, 0.03350830078125, -1.0, -1.0]}
2022-01-23 19:23:49,339 [DEBUG] {'gamepad_direct': [-0.080108642578125, 0.040924072265625, -0.019744873046875, 0.03350830078125, -1.0, -1.0]}
2022-01-23 19:23:49,349 [DEBUG] {'gamepad_direct': [-0.080108642578125, 0.040924072265625, -0.019744873046875, 0.03350830078125, -1.0, -1.0]}
2022-01-23 19:23:49,359 [DEBUG] {'gamepad_direct': [-0.080108642578125, 0.040924072265625, -0.019744873046875, 0.03350830078125, -1.0, -1.0]}
2022-01-23 19:23:49,369 [DEBUG] {'gamepad_direct': [-0.080108642578125, 0.040924072265625, -0.019744873046875, 0.03350830078125, -1.0, -1.0]}
2022-01-23 19:23:49,379 [DEBUG] {'gamepad_direct': [-0.080108642578125, 0.040924072265625, -0.019744873046875, 0.03350830078125, -1.0, -1.0]}
2022-01-23 19:23:49,389 [DEBUG] {'gamepad_direct': [-0.080108642578125, 0.040924072265625, -0.019744873046875, 0.03350830078125, -1.0, -1.0]}
2022-01-23 19:23:49,399 [DEBUG] {'gamepad_direct': [-0.080108642578125, 0.040924072265625, -0.019744873046875, 0.03350830078125, -1.0, -1.0]}
2022-01-23 19:23:49,409 [DEBUG] {'gamepad_direct': [-0.080108642578125, 0.040924072265625, -0.019744873046875, 0.03350830078125, -1.0, -1.0]}
2022-01-23 19:23:49,419 [DEBUG] {'gamepad_direct': [-0.080108642578125, 0.040924072265625, -0.019744873046875, 0.03350830078125, -1.0, -1.0]}
2022-01-23 19:23:49,429 [DEBUG] {'gamepad_direct': [-0.080108642578125, 0.040924072265625, -0.019744873046875, 0.03350830078125, -1.0, -1.0]}
2022-01-23 19:23:49,439 [DEBUG] {'gamepad_direct': [-0.080108642578125, 0.040924072265625, -0.019744873046875, 0.03350830078125, -1.0, -1.0]}
2022-01-23 19:23:49,449 [DEBUG] {'gamepad_direct': [-0.080108642578125, 0.040924072265625, -0.019744873046875, 0.03350830078125, -1.0, -1.0]}
2022-01-23 19:23:49,458 [DEBUG] {'gamepad_direct': [-0.080108642578125, 0.040924072265625, -0.019744873046875, 0.03350830078125, -1.0, -1.0]}
2022-01-23 19:23:49,468 [DEBUG] {'gamepad_direct': [-0.080108642578125, 0.040924072265625, -0.019744873046875, 0.03350830078125, -1.0, -1.0]}
2022-01-23 19:23:49,479 [DEBUG] {'gamepad_direct': [-0.080108642578125, 0.040924072265625, -0.019744873046875, 0.03350830078125, -1.0, -1.0]}
2022-01-23 19:23:49,489 [DEBUG] {'gamepad_direct': [-0.080108642578125, 0.040924072265625, -0.019744873046875, 0.03350830078125, -1.0, -1.0]}
2022-01-23 19:23:49,499 [DEBUG] {'gamepad_direct': [-0.080108642578125, 0.040924072265625, -0.019744873046875, 0.03350830078125, -1.0, -1.0]}
2022-01-23 19:23:49,508 [DEBUG] {'gamepad_direct': [-0.080108642578125, 0.040924072265625, -0.019744873046875, 0.03350830078125, -1.0, -1.0]}
2022-01-23 19:23:49,519 [DEBUG] {'gamepad_direct': [-0.080108642578125, 0.040924072265625, -0.019744873046875, 0.03350830078125, -1.0, -1.0]}
2022-01-23 19:23:49,528 [DEBUG] {'gamepad_direct': [-0.080108642578125, 0.040924072265625, -0.019744873046875, 0.03350830078125, -1.0, -1.0]}
2022-01-23 19:23:49,538 [DEBUG] {'gamepad_direct': [-0.080108642578125, 0.040924072265625, -0.019744873046875, 0.03350830078125, -1.0, -1.0]}
2022-01-23 19:23:49,548 [DEBUG] {'gamepad_direct': [-0.080108642578125, 0.040924072265625, -0.019744873046875, 0.03350830078125, -1.0, -1.0]}
2022-01-23 19:23:49,558 [DEBUG] {'gamepad_direct': [-0.080108642578125, 0.040924072265625, -0.019744873046875, 0.03350830078125, -1.0, -1.0]}
2022-01-23 19:23:49,568 [DEBUG] {'gamepad_direct': [-0.080108642578125, 0.040924072265625, -0.019744873046875, 0.03350830078125, -1.0, -1.0]}
2022-01-23 19:23:49,578 [DEBUG] {'gamepad_direct': [-0.080108642578125, 0.040924072265625, -0.019744873046875, 0.03350830078125, -1.0, -1.0]}
2022-01-23 19:23:49,588 [DEBUG] {'gamepad_direct': [-0.080108642578125, 0.040924072265625, -0.019744873046875, 0.03350830078125, -1.0, -1.0]}
2022-01-23 19:23:49,598 [DEBUG] {'gamepad_direct': [-0.080108642578125, 0.040924072265625, -0.019744873046875, 0.03350830078125, -1.0, -1.0]}
2022-01-23 19:23:49,608 [DEBUG] {'gamepad_direct': [-0.080108642578125, 0.040924072265625, -0.019744873046875, 0.03350830078125, -1.0, -1.0]}
2022-01-23 19:23:49,619 [DEBUG] {'gamepad_direct': [-0.080108642578125, 0.040924072265625, -0.019744873046875, 0.03350830078125, -1.0, -1.0]}
2022-01-23 19:23:49,628 [DEBUG] {'gamepad_direct': [-0.080108642578125, 0.040924072265625, -0.019744873046875, 0.03350830078125, -1.0, -1.0]}
2022-01-23 19:23:49,638 [DEBUG] {'gamepad_direct': [-0.080108642578125, 0.040924072265625, -0.019744873046875, 0.03350830078125, -1.0, -1.0]}
2022-01-23 19:23:49,648 [DEBUG] {'gamepad_direct': [-0.080108642578125, 0.040924072265625, -0.019744873046875, 0.03350830078125, -1.0, -1.0]}
2022-01-23 19:23:49,658 [DEBUG] {'gamepad_direct': [-0.080108642578125, 0.040924072265625, -0.019744873046875, 0.03350830078125, -1.0, -1.0]}
2022-01-23 19:23:49,668 [DEBUG] {'gamepad_direct': [-0.080108642578125, 0.040924072265625, -0.019744873046875, 0.03350830078125, -1.0, -1.0]}
2022-01-23 19:23:49,678 [DEBUG] {'gamepad_direct': [-0.080108642578125, 0.040924072265625, -0.019744873046875, 0.03350830078125, -1.0, -1.0]}
2022-01-23 19:23:49,688 [DEBUG] {'gamepad_direct': [-0.080108642578125, 0.040924072265625, -0.019744873046875, 0.03350830078125, -1.0, -1.0]}
2022-01-23 19:23:49,697 [DEBUG] {'gamepad_direct': [-0.080108642578125, 0.040924072265625, -0.019744873046875, 0.03350830078125, -1.0, -1.0]}
2022-01-23 19:23:49,707 [DEBUG] {'gamepad_direct': [-0.080108642578125, 0.040924072265625, -0.019744873046875, 0.03350830078125, -1.0, -1.0]}
2022-01-23 19:23:49,717 [DEBUG] {'gamepad_direct': [-0.080108642578125, 0.040924072265625, -0.019744873046875, 0.03350830078125, -1.0, -1.0]}
2022-01-23 19:23:49,727 [DEBUG] {'gamepad_direct': [-0.080108642578125, 0.040924072265625, -0.019744873046875, 0.03350830078125, -1.0, -1.0]}
2022-01-23 19:23:49,737 [DEBUG] {'gamepad_direct': [-0.080108642578125, 0.040924072265625, -0.019744873046875, 0.03350830078125, -1.0, -1.0]}
2022-01-23 19:23:49,747 [DEBUG] {'gamepad_direct': [-0.080108642578125, 0.040924072265625, -0.019744873046875, 0.03350830078125, -1.0, -1.0]}
2022-01-23 19:23:49,756 [DEBUG] {'gamepad_direct': [-0.080108642578125, 0.040924072265625, -0.019744873046875, 0.03350830078125, -1.0, -1.0]}
2022-01-23 19:23:49,766 [DEBUG] {'gamepad_direct': [-0.080108642578125, 0.040924072265625, -0.019744873046875, 0.03350830078125, -1.0, -1.0]}
2022-01-23 19:23:49,776 [DEBUG] {'gamepad_direct': [-0.080108642578125, 0.040924072265625, -0.019744873046875, 0.03350830078125, -1.0, -1.0]}
2022-01-23 19:23:49,785 [DEBUG] {'gamepad_direct': [-0.080108642578125, 0.040924072265625, -0.019744873046875, 0.03350830078125, -1.0, -1.0]}
2022-01-23 19:23:49,795 [DEBUG] {'gamepad_direct': [-0.080108642578125, 0.040924072265625, -0.019744873046875, 0.03350830078125, -1.0, -1.0]}
2022-01-23 19:23:49,806 [DEBUG] {'gamepad_direct': [-0.080108642578125, 0.040924072265625, -0.019744873046875, 0.03350830078125, -1.0, -1.0]}
2022-01-23 19:23:49,815 [DEBUG] {'gamepad_direct': [-0.080108642578125, 0.040924072265625, -0.019744873046875, 0.03350830078125, -1.0, -1.0]}
2022-01-23 19:23:49,825 [DEBUG] {'gamepad_direct': [-0.080108642578125, 0.040924072265625, -0.019744873046875, 0.03350830078125, -1.0, -1.0]}
2022-01-23 19:23:49,834 [DEBUG] {'gamepad_direct': [-0.080108642578125, 0.040924072265625, -0.019744873046875, 0.03350830078125, -1.0, -1.0]}
2022-01-23 19:23:49,844 [DEBUG] {'gamepad_direct': [-0.080108642578125, 0.040924072265625, -0.019744873046875, 0.03350830078125, -1.0, -1.0]}
2022-01-23 19:23:49,854 [DEBUG] {'gamepad_direct': [-0.080108642578125, 0.040924072265625, -0.019744873046875, 0.03350830078125, -1.0, -1.0]}
2022-01-23 19:23:49,864 [DEBUG] {'gamepad_direct': [-0.080108642578125, 0.040924072265625, -0.019744873046875, 0.03350830078125, -1.0, -1.0]}
2022-01-23 19:23:49,873 [DEBUG] {'gamepad_direct': [-0.080108642578125, 0.040924072265625, -0.019744873046875, 0.03350830078125, -1.0, -1.0]}
2022-01-23 19:23:49,883 [DEBUG] {'gamepad_direct': [-0.080108642578125, 0.040924072265625, -0.019744873046875, 0.03350830078125, -1.0, -1.0]}
2022-01-23 19:23:49,893 [DEBUG] {'gamepad_direct': [-0.080108642578125, 0.040924072265625, -0.019744873046875, 0.03350830078125, -1.0, -1.0]}
2022-01-23 19:23:49,903 [DEBUG] {'gamepad_direct': [-0.080108642578125, 0.040924072265625, -0.019744873046875, 0.03350830078125, -1.0, -1.0]}
2022-01-23 19:23:49,913 [DEBUG] {'gamepad_direct': [-0.080108642578125, 0.040924072265625, -0.019744873046875, 0.03350830078125, -1.0, -1.0]}
2022-01-23 19:23:49,923 [DEBUG] {'gamepad_direct': [-0.080108642578125, 0.040924072265625, -0.019744873046875, 0.03350830078125, -1.0, -1.0]}
2022-01-23 19:23:49,933 [DEBUG] {'gamepad_direct': [-0.080108642578125, 0.040924072265625, -0.019744873046875, 0.03350830078125, -1.0, -1.0]}
2022-01-23 19:23:49,943 [DEBUG] {'gamepad_direct': [-0.080108642578125, 0.040924072265625, -0.019744873046875, 0.03350830078125, -1.0, -1.0]}
2022-01-23 19:23:49,953 [DEBUG] {'gamepad_direct': [-0.080108642578125, 0.040924072265625, -0.019744873046875, 0.03350830078125, -1.0, -1.0]}
2022-01-23 19:23:49,962 [DEBUG] {'gamepad_direct': [-0.080108642578125, 0.040924072265625, -0.019744873046875, 0.03350830078125, -1.0, -1.0]}
2022-01-23 19:23:49,972 [DEBUG] {'gamepad_direct': [-0.080108642578125, 0.040924072265625, -0.019744873046875, 0.03350830078125, -1.0, -1.0]}
2022-01-23 19:23:49,981 [DEBUG] {'gamepad_direct': [-0.080108642578125, 0.040924072265625, -0.019744873046875, 0.03350830078125, -1.0, -1.0]}
2022-01-23 19:23:49,991 [DEBUG] {'gamepad_direct': [-0.080108642578125, 0.040924072265625, -0.019744873046875, 0.03350830078125, -1.0, -1.0]}
2022-01-23 19:23:50,001 [DEBUG] {'gamepad_direct': [-0.080108642578125, 0.040924072265625, -0.019744873046875, 0.03350830078125, -1.0, -1.0]}
2022-01-23 19:23:50,011 [DEBUG] {'gamepad_direct': [-0.080108642578125, 0.040924072265625, -0.019744873046875, 0.03350830078125, -1.0, -1.0]}
2022-01-23 19:23:50,021 [DEBUG] {'gamepad_direct': [-0.080108642578125, 0.040924072265625, -0.019744873046875, 0.03350830078125, -1.0, -1.0]}
